<?xml version="1.0" encoding="UTF-8"?>
<!-- Generated by org.testng.reporters.JUnitReportReporter -->
<testsuite skipped="0" hostname="Android10TestPC" name="psetest.cucumber.demo.testrunner.TestNGRunner" tests="1" failures="0" timestamp="2019-08-19T09:07:43 BST" time="6.765" errors="0">
  <testcase name="runScenario" time="6.765" classname="psetest.cucumber.demo.testrunner.TestNGRunner"/>
</testsuite> <!-- psetest.cucumber.demo.testrunner.TestNGRunner -->
